test_struct.ks : Dumped log
2021-07-16 05:09:00.0158754 +0900 JST m=+0.012992901
parse result=========
 0:[1F][00000000] Label        0
 0:[00][00003039] PushInt      12345
 1:[00][00000001] PushInt      1
 2:[06][00000000] PopArrayValue 0
 3:[01][00000000] PushFloat    0
 4:[00][00000002] PushInt      2
 5:[06][00000000] PopArrayValue 0
 6:[02][00000000] PushString   0
 7:[00][00000003] PushInt      3
 8:[06][00000000] PopArrayValue 0
 9:[00][00000001] PushInt      1
10:[04][00000000] PushArrayValue 0
11:[00][00000004] PushInt      4
12:[06][00000000] PopArrayValue 0
13:[03][00000000] PushValue    0
14:[05][00000006] PopValue     6
15:[00][00000000] PushInt      0
16:[1E][00000000] Return       0
value table==========
[0][0] name:user type:struct 17
[0][1] name: type:int
[0][2] name: type:float
[0][3] name: type:string
[0][4] name: type:struct 16
[0][5] name: type:int
[0][6] name:user2 type:struct 17
[0][7] name: type:int
[0][8] name: type:float
[0][9] name: type:string
[0][10] name: type:struct 16
[0][11] name: type:int
float table==========
0:123.45
string table=========
0:hogehoge
type table===========
16,SubType
17,TestType
=====================
