test_struct.ks : Dumped log
2021-07-25 04:22:27.9746905 +0900 JST m=+5.172368701
parse result=========
 0:[17][00000000] Jmp          0
 0:[1F][00000000] Label        0
 0:[00][00000009] PushInt      9
 0:[00][00000005] PushInt      5
 0:[06][00000000] Add          0
 0:[03][00000009] PushValue    9
 0:[00][00000000] PushInt      0
 0:[04][00000009] PopValue     9
value table==========
[1][0] name:a type:SubType
[1][1] name: type:int
[1][2] name: type:float
[1][3] name: type:SubType
[1][4] name: type:int
[1][5] name: type:float
[1][6] name: type:SubType
[1][7] name: type:int
[1][8] name: type:float
[1][9] name:b type:TestType
[1][10] name: type:int
[1][11] name: type:int
[1][12] name: type:int
[1][13] name: type:float
[1][14] name: type:SubType
[1][15] name: type:int
[1][16] name: type:float
[1][17] name: type:SubType
[1][18] name: type:int
[1][19] name: type:float
[1][20] name: type:SubType
[1][21] name: type:int
[1][22] name: type:float
float table==========
string table=========
type table===========
0,unknown
1,int
2,float
3,string
5,dynamic
16,SubType
17,TestType
=====================
